<?xml version="1.0" encoding="UTF-8"?>
<Site BuildName="(empty)"
	BuildStamp="20231215-0111-Experimental"
	Name="seth-Nitro-AN515-56"
	Generator="ctest-3.16.3"
	CompilerName="/usr/bin/g++"
	CompilerVersion="9.4.0"
	OSName="Linux"
	Hostname="seth-Nitro-AN515-56"
	OSRelease="5.15.0-91-generic"
	OSVersion="#101~20.04.1-Ubuntu SMP Thu Nov 16 14:22:28 UTC 2023"
	OSPlatform="x86_64"
	Is64Bits="1"
	VendorString="GenuineIntel"
	VendorID="Intel Corporation"
	FamilyID="6"
	ModelID="140"
	ProcessorCacheSize="8192"
	NumberOfLogicalCPU="8"
	NumberOfPhysicalCPU="4"
	TotalVirtualMemory="2047"
	TotalPhysicalMemory="7731"
	LogicalProcessorsPerPhysical="2"
	ProcessorClockFrequency="3420.33"
	>
	<Testing>
		<StartDateTime>Dec 15 13:14 +07</StartDateTime>
		<StartTestTime>1702620841</StartTestTime>
		<TestList/>
		<EndDateTime>Dec 15 13:14 +07</EndDateTime>
		<EndTestTime>1702620841</EndTestTime>
		<ElapsedMinutes>0</ElapsedMinutes>
	</Testing>
</Site>
